vgupta@Ubuntu-VG:~$ docker exec -it spark-master bin/spark-submit --master spark://spark-master:7077 --total-executor-cores 2 --executor-memory 512m /tmp/data/coviews.py
16/12/13 21:22:38 INFO spark.SparkContext: Running Spark version 2.0.2
16/12/13 21:22:42 WARN util.NativeCodeLoader: Unable to load native-hadoop library for your platform... using builtin-java classes where applicable
16/12/13 21:22:44 INFO spark.SecurityManager: Changing view acls to: root
16/12/13 21:22:44 INFO spark.SecurityManager: Changing modify acls to: root
16/12/13 21:22:44 INFO spark.SecurityManager: Changing view acls groups to: 
16/12/13 21:22:44 INFO spark.SecurityManager: Changing modify acls groups to: 
16/12/13 21:22:44 INFO spark.SecurityManager: SecurityManager: authentication disabled; ui acls disabled; users  with view permissions: Set(root); groups with view permissions: Set(); users  with modify permissions: Set(root); groups with modify permissions: Set()
16/12/13 21:22:47 INFO util.Utils: Successfully started service 'sparkDriver' on port 36112.
16/12/13 21:22:47 INFO spark.SparkEnv: Registering MapOutputTracker
16/12/13 21:22:48 INFO spark.SparkEnv: Registering BlockManagerMaster
16/12/13 21:22:48 INFO storage.DiskBlockManager: Created local directory at /tmp/blockmgr-ffb3bb8b-b750-4bb5-880e-1ce5e8d1cbf2
16/12/13 21:22:49 INFO memory.MemoryStore: MemoryStore started with capacity 366.3 MB
16/12/13 21:22:50 INFO spark.SparkEnv: Registering OutputCommitCoordinator
16/12/13 21:22:51 INFO util.log: Logging initialized @25018ms
16/12/13 21:22:52 INFO server.Server: jetty-9.2.z-SNAPSHOT
16/12/13 21:22:52 INFO handler.ContextHandler: Started o.s.j.s.ServletContextHandler@3dada7b2{/jobs,null,AVAILABLE}
16/12/13 21:22:52 INFO handler.ContextHandler: Started o.s.j.s.ServletContextHandler@16021671{/jobs/json,null,AVAILABLE}
16/12/13 21:22:52 INFO handler.ContextHandler: Started o.s.j.s.ServletContextHandler@436a4c1b{/jobs/job,null,AVAILABLE}
16/12/13 21:22:52 INFO handler.ContextHandler: Started o.s.j.s.ServletContextHandler@1a2b7650{/jobs/job/json,null,AVAILABLE}
16/12/13 21:22:52 INFO handler.ContextHandler: Started o.s.j.s.ServletContextHandler@4a6bd290{/stages,null,AVAILABLE}
16/12/13 21:22:52 INFO handler.ContextHandler: Started o.s.j.s.ServletContextHandler@4cdce432{/stages/json,null,AVAILABLE}
16/12/13 21:22:52 INFO handler.ContextHandler: Started o.s.j.s.ServletContextHandler@5d476326{/stages/stage,null,AVAILABLE}
16/12/13 21:22:52 INFO handler.ContextHandler: Started o.s.j.s.ServletContextHandler@1c9f0728{/stages/stage/json,null,AVAILABLE}
16/12/13 21:22:52 INFO handler.ContextHandler: Started o.s.j.s.ServletContextHandler@8f4a979{/stages/pool,null,AVAILABLE}
16/12/13 21:22:52 INFO handler.ContextHandler: Started o.s.j.s.ServletContextHandler@23223121{/stages/pool/json,null,AVAILABLE}
16/12/13 21:22:52 INFO handler.ContextHandler: Started o.s.j.s.ServletContextHandler@451a2830{/storage,null,AVAILABLE}
16/12/13 21:22:52 INFO handler.ContextHandler: Started o.s.j.s.ServletContextHandler@2158d1fc{/storage/json,null,AVAILABLE}
16/12/13 21:22:52 INFO handler.ContextHandler: Started o.s.j.s.ServletContextHandler@cca0bcf{/storage/rdd,null,AVAILABLE}
16/12/13 21:22:52 INFO handler.ContextHandler: Started o.s.j.s.ServletContextHandler@3ed3984e{/storage/rdd/json,null,AVAILABLE}
16/12/13 21:22:52 INFO handler.ContextHandler: Started o.s.j.s.ServletContextHandler@2a9c7c0c{/environment,null,AVAILABLE}
16/12/13 21:22:52 INFO handler.ContextHandler: Started o.s.j.s.ServletContextHandler@4dac8f92{/environment/json,null,AVAILABLE}
16/12/13 21:22:52 INFO handler.ContextHandler: Started o.s.j.s.ServletContextHandler@1164619b{/executors,null,AVAILABLE}
16/12/13 21:22:52 INFO handler.ContextHandler: Started o.s.j.s.ServletContextHandler@33579a11{/executors/json,null,AVAILABLE}
16/12/13 21:22:52 INFO handler.ContextHandler: Started o.s.j.s.ServletContextHandler@7a62fc6b{/executors/threadDump,null,AVAILABLE}
16/12/13 21:22:52 INFO handler.ContextHandler: Started o.s.j.s.ServletContextHandler@539b3caa{/executors/threadDump/json,null,AVAILABLE}
16/12/13 21:22:52 INFO handler.ContextHandler: Started o.s.j.s.ServletContextHandler@61c1e7fb{/static,null,AVAILABLE}
16/12/13 21:22:52 INFO handler.ContextHandler: Started o.s.j.s.ServletContextHandler@6ec97ec0{/,null,AVAILABLE}
16/12/13 21:22:52 INFO handler.ContextHandler: Started o.s.j.s.ServletContextHandler@32546d6{/api,null,AVAILABLE}
16/12/13 21:22:52 INFO handler.ContextHandler: Started o.s.j.s.ServletContextHandler@9d14474{/stages/stage/kill,null,AVAILABLE}
16/12/13 21:22:53 INFO server.ServerConnector: Started ServerConnector@4c579e2b{HTTP/1.1}{0.0.0.0:4040}
16/12/13 21:22:53 INFO server.Server: Started @26981ms
16/12/13 21:22:53 INFO util.Utils: Successfully started service 'SparkUI' on port 4040.
16/12/13 21:22:53 INFO ui.SparkUI: Bound SparkUI to 0.0.0.0, and started at http://172.17.0.3:4040
16/12/13 21:22:57 INFO spark.SparkContext: Added file file:/tmp/data/coviews.py at spark://172.17.0.3:36112/files/coviews.py with timestamp 1481664177575
16/12/13 21:22:57 INFO util.Utils: Copying /tmp/data/coviews.py to /tmp/spark-a22f6b48-c065-4803-87c0-f349ec8dc4a3/userFiles-6a035038-a2d6-4a15-ae37-c531388591cc/coviews.py
16/12/13 21:22:59 INFO client.StandaloneAppClient$ClientEndpoint: Connecting to master spark://spark-master:7077...
16/12/13 21:23:01 INFO client.TransportClientFactory: Successfully created connection to spark-master/172.17.0.3:7077 after 512 ms (6 ms spent in bootstraps)
16/12/13 21:23:03 INFO cluster.StandaloneSchedulerBackend: Connected to Spark cluster with app ID app-20161213212302-0007
16/12/13 21:23:03 INFO client.StandaloneAppClient$ClientEndpoint: Executor added: app-20161213212302-0007/0 on worker-20161213195647-172.17.0.8-8881 (172.17.0.8:8881) with 2 cores
16/12/13 21:23:04 INFO cluster.StandaloneSchedulerBackend: Granted executor ID app-20161213212302-0007/0 on hostPort 172.17.0.8:8881 with 2 cores, 512.0 MB RAM
16/12/13 21:23:04 INFO util.Utils: Successfully started service 'org.apache.spark.network.netty.NettyBlockTransferService' on port 34920.
16/12/13 21:23:04 INFO netty.NettyBlockTransferService: Server created on 172.17.0.3:34920
16/12/13 21:23:04 INFO storage.BlockManagerMaster: Registering BlockManager BlockManagerId(driver, 172.17.0.3, 34920)
16/12/13 21:23:04 INFO storage.BlockManagerMasterEndpoint: Registering block manager 172.17.0.3:34920 with 366.3 MB RAM, BlockManagerId(driver, 172.17.0.3, 34920)
16/12/13 21:23:04 INFO storage.BlockManagerMaster: Registered BlockManager BlockManagerId(driver, 172.17.0.3, 34920)
16/12/13 21:23:04 INFO client.StandaloneAppClient$ClientEndpoint: Executor updated: app-20161213212302-0007/0 is now RUNNING
16/12/13 21:23:08 INFO handler.ContextHandler: Started o.s.j.s.ServletContextHandler@79388168{/metrics/json,null,AVAILABLE}
16/12/13 21:23:09 INFO cluster.StandaloneSchedulerBackend: SchedulerBackend is ready for scheduling beginning after reached minRegisteredResourcesRatio: 0.0
16/12/13 21:23:18 INFO memory.MemoryStore: Block broadcast_0 stored as values in memory (estimated size 236.5 KB, free 366.1 MB)
16/12/13 21:23:20 INFO memory.MemoryStore: Block broadcast_0_piece0 stored as bytes in memory (estimated size 22.9 KB, free 366.0 MB)
16/12/13 21:23:20 INFO storage.BlockManagerInfo: Added broadcast_0_piece0 in memory on 172.17.0.3:34920 (size: 22.9 KB, free: 366.3 MB)
16/12/13 21:23:20 INFO spark.SparkContext: Created broadcast 0 from textFile at NativeMethodAccessorImpl.java:-2
16/12/13 21:23:22 INFO mapred.FileInputFormat: Total input paths to process : 1
16/12/13 21:23:25 INFO spark.SparkContext: Starting job: collect at /tmp/data/coviews.py:22
16/12/13 21:23:26 INFO scheduler.DAGScheduler: Registering RDD 3 (distinct at /tmp/data/coviews.py:17)
16/12/13 21:23:26 INFO scheduler.DAGScheduler: Got job 0 (collect at /tmp/data/coviews.py:22) with 2 output partitions
16/12/13 21:23:26 INFO scheduler.DAGScheduler: Final stage: ResultStage 1 (collect at /tmp/data/coviews.py:22)
16/12/13 21:23:26 INFO scheduler.DAGScheduler: Parents of final stage: List(ShuffleMapStage 0)
16/12/13 21:23:26 INFO scheduler.DAGScheduler: Missing parents: List(ShuffleMapStage 0)
16/12/13 21:23:26 INFO scheduler.DAGScheduler: Submitting ShuffleMapStage 0 (PairwiseRDD[3] at distinct at /tmp/data/coviews.py:17), which has no missing parents
16/12/13 21:23:28 INFO memory.MemoryStore: Block broadcast_1 stored as values in memory (estimated size 8.8 KB, free 366.0 MB)
16/12/13 21:23:28 INFO memory.MemoryStore: Block broadcast_1_piece0 stored as bytes in memory (estimated size 5.7 KB, free 366.0 MB)
16/12/13 21:23:28 INFO storage.BlockManagerInfo: Added broadcast_1_piece0 in memory on 172.17.0.3:34920 (size: 5.7 KB, free: 366.3 MB)
16/12/13 21:23:28 INFO spark.SparkContext: Created broadcast 1 from broadcast at DAGScheduler.scala:1012
16/12/13 21:23:28 INFO scheduler.DAGScheduler: Submitting 2 missing tasks from ShuffleMapStage 0 (PairwiseRDD[3] at distinct at /tmp/data/coviews.py:17)
16/12/13 21:23:28 INFO scheduler.TaskSchedulerImpl: Adding task set 0.0 with 2 tasks
16/12/13 21:23:40 INFO cluster.CoarseGrainedSchedulerBackend$DriverEndpoint: Registered executor NettyRpcEndpointRef(null) (172.17.0.8:46854) with ID 0
16/12/13 21:23:41 INFO scheduler.TaskSetManager: Starting task 0.0 in stage 0.0 (TID 0, 172.17.0.8, partition 0, PROCESS_LOCAL, 5486 bytes)
16/12/13 21:23:41 INFO storage.BlockManagerMasterEndpoint: Registering block manager 172.17.0.8:45965 with 93.3 MB RAM, BlockManagerId(0, 172.17.0.8, 45965)
16/12/13 21:23:41 INFO scheduler.TaskSetManager: Starting task 1.0 in stage 0.0 (TID 1, 172.17.0.8, partition 1, PROCESS_LOCAL, 5486 bytes)
16/12/13 21:23:41 INFO cluster.CoarseGrainedSchedulerBackend$DriverEndpoint: Launching task 0 on executor id: 0 hostname: 172.17.0.8.
16/12/13 21:23:41 INFO cluster.CoarseGrainedSchedulerBackend$DriverEndpoint: Launching task 1 on executor id: 0 hostname: 172.17.0.8.
16/12/13 21:23:49 INFO storage.BlockManagerInfo: Added broadcast_1_piece0 in memory on 172.17.0.8:45965 (size: 5.7 KB, free: 93.3 MB)
16/12/13 21:23:52 INFO storage.BlockManagerInfo: Added broadcast_0_piece0 in memory on 172.17.0.8:45965 (size: 22.9 KB, free: 93.3 MB)
16/12/13 21:24:04 INFO scheduler.TaskSetManager: Finished task 0.0 in stage 0.0 (TID 0) in 24076 ms on 172.17.0.8 (1/2)
16/12/13 21:24:04 INFO scheduler.TaskSetManager: Finished task 1.0 in stage 0.0 (TID 1) in 23232 ms on 172.17.0.8 (2/2)
16/12/13 21:24:04 INFO scheduler.TaskSchedulerImpl: Removed TaskSet 0.0, whose tasks have all completed, from pool 
16/12/13 21:24:05 INFO scheduler.DAGScheduler: ShuffleMapStage 0 (distinct at /tmp/data/coviews.py:17) finished in 36.162 s
16/12/13 21:24:05 INFO scheduler.DAGScheduler: looking for newly runnable stages
16/12/13 21:24:05 INFO scheduler.DAGScheduler: running: Set()
16/12/13 21:24:05 INFO scheduler.DAGScheduler: waiting: Set(ResultStage 1)
16/12/13 21:24:05 INFO scheduler.DAGScheduler: failed: Set()
16/12/13 21:24:05 INFO scheduler.DAGScheduler: Submitting ResultStage 1 (PythonRDD[6] at collect at /tmp/data/coviews.py:22), which has no missing parents
16/12/13 21:24:05 INFO memory.MemoryStore: Block broadcast_2 stored as values in memory (estimated size 7.0 KB, free 366.0 MB)
16/12/13 21:24:05 INFO memory.MemoryStore: Block broadcast_2_piece0 stored as bytes in memory (estimated size 4.5 KB, free 366.0 MB)
16/12/13 21:24:05 INFO storage.BlockManagerInfo: Added broadcast_2_piece0 in memory on 172.17.0.3:34920 (size: 4.5 KB, free: 366.3 MB)
16/12/13 21:24:05 INFO spark.SparkContext: Created broadcast 2 from broadcast at DAGScheduler.scala:1012
16/12/13 21:24:05 INFO scheduler.DAGScheduler: Submitting 2 missing tasks from ResultStage 1 (PythonRDD[6] at collect at /tmp/data/coviews.py:22)
16/12/13 21:24:05 INFO scheduler.TaskSchedulerImpl: Adding task set 1.0 with 2 tasks
16/12/13 21:24:05 INFO scheduler.TaskSetManager: Starting task 0.0 in stage 1.0 (TID 2, 172.17.0.8, partition 0, NODE_LOCAL, 5274 bytes)
16/12/13 21:24:05 INFO scheduler.TaskSetManager: Starting task 1.0 in stage 1.0 (TID 3, 172.17.0.8, partition 1, NODE_LOCAL, 5274 bytes)
16/12/13 21:24:05 INFO cluster.CoarseGrainedSchedulerBackend$DriverEndpoint: Launching task 2 on executor id: 0 hostname: 172.17.0.8.
16/12/13 21:24:05 INFO cluster.CoarseGrainedSchedulerBackend$DriverEndpoint: Launching task 3 on executor id: 0 hostname: 172.17.0.8.
16/12/13 21:24:06 INFO storage.BlockManagerInfo: Added broadcast_2_piece0 in memory on 172.17.0.8:45965 (size: 4.5 KB, free: 93.3 MB)
16/12/13 21:24:06 INFO spark.MapOutputTrackerMasterEndpoint: Asked to send map output locations for shuffle 0 to 172.17.0.8:46854
16/12/13 21:24:06 INFO spark.MapOutputTrackerMaster: Size of output statuses for shuffle 0 is 152 bytes
16/12/13 21:24:07 INFO scheduler.TaskSetManager: Finished task 0.0 in stage 1.0 (TID 2) in 1643 ms on 172.17.0.8 (1/2)
16/12/13 21:24:07 INFO scheduler.DAGScheduler: ResultStage 1 (collect at /tmp/data/coviews.py:22) finished in 1.648 s
16/12/13 21:24:07 INFO scheduler.TaskSetManager: Finished task 1.0 in stage 1.0 (TID 3) in 1535 ms on 172.17.0.8 (2/2)
16/12/13 21:24:07 INFO scheduler.TaskSchedulerImpl: Removed TaskSet 1.0, whose tasks have all completed, from pool 
16/12/13 21:24:07 INFO scheduler.DAGScheduler: Job 0 finished: collect at /tmp/data/coviews.py:22, took 41.929302 s
(#1) Map to (user_id, item_id) 
Pages: user ID tp and item_id 4
Pages: user ID hank and item_id 3
Pages: user ID hank and item_id 4
Pages: user ID joe and item_id 4
Pages: user ID joe and item_id 1
Pages: user ID tp and item_id 5
Pages: user ID bob and item_id 4
Pages: user ID tp and item_id 2
Pages: user ID tp and item_id 3
Pages: user ID hank and item_id 5
Pages: user ID hank and item_id 6
Pages: user ID bob and item_id 6
Pages: user ID bob and item_id 1
Pages: user ID bob and item_id 3
Pages: user ID tp and item_id 1
Pages: user ID joe and item_id 5
Pages: user ID bob and item_id 2
Pages: user ID tp and item_id 6
Pages: user ID joe and item_id 6
Pages: user ID bob and item_id 5
done printing pages
16/12/13 21:24:08 INFO spark.SparkContext: Starting job: collect at /tmp/data/coviews.py:29
16/12/13 21:24:08 INFO scheduler.DAGScheduler: Registering RDD 8 (groupByKey at /tmp/data/coviews.py:28)
16/12/13 21:24:08 INFO scheduler.DAGScheduler: Got job 1 (collect at /tmp/data/coviews.py:29) with 2 output partitions
16/12/13 21:24:08 INFO scheduler.DAGScheduler: Final stage: ResultStage 4 (collect at /tmp/data/coviews.py:29)
16/12/13 21:24:08 INFO scheduler.DAGScheduler: Parents of final stage: List(ShuffleMapStage 3)
16/12/13 21:24:08 INFO scheduler.DAGScheduler: Missing parents: List(ShuffleMapStage 3)
16/12/13 21:24:08 INFO scheduler.DAGScheduler: Submitting ShuffleMapStage 3 (PairwiseRDD[8] at groupByKey at /tmp/data/coviews.py:28), which has no missing parents
16/12/13 21:24:08 INFO memory.MemoryStore: Block broadcast_3 stored as values in memory (estimated size 9.2 KB, free 366.0 MB)
16/12/13 21:24:08 INFO memory.MemoryStore: Block broadcast_3_piece0 stored as bytes in memory (estimated size 6.0 KB, free 366.0 MB)
16/12/13 21:24:08 INFO storage.BlockManagerInfo: Added broadcast_3_piece0 in memory on 172.17.0.3:34920 (size: 6.0 KB, free: 366.3 MB)
16/12/13 21:24:08 INFO spark.SparkContext: Created broadcast 3 from broadcast at DAGScheduler.scala:1012
16/12/13 21:24:08 INFO scheduler.DAGScheduler: Submitting 2 missing tasks from ShuffleMapStage 3 (PairwiseRDD[8] at groupByKey at /tmp/data/coviews.py:28)
16/12/13 21:24:08 INFO scheduler.TaskSchedulerImpl: Adding task set 3.0 with 2 tasks
16/12/13 21:24:08 INFO scheduler.TaskSetManager: Starting task 0.0 in stage 3.0 (TID 4, 172.17.0.8, partition 0, NODE_LOCAL, 5264 bytes)
16/12/13 21:24:08 INFO scheduler.TaskSetManager: Starting task 1.0 in stage 3.0 (TID 5, 172.17.0.8, partition 1, NODE_LOCAL, 5264 bytes)
16/12/13 21:24:08 INFO cluster.CoarseGrainedSchedulerBackend$DriverEndpoint: Launching task 4 on executor id: 0 hostname: 172.17.0.8.
16/12/13 21:24:08 INFO cluster.CoarseGrainedSchedulerBackend$DriverEndpoint: Launching task 5 on executor id: 0 hostname: 172.17.0.8.
16/12/13 21:24:09 INFO storage.BlockManagerInfo: Added broadcast_3_piece0 in memory on 172.17.0.8:45965 (size: 6.0 KB, free: 93.3 MB)
16/12/13 21:24:10 INFO scheduler.TaskSetManager: Finished task 0.0 in stage 3.0 (TID 4) in 1659 ms on 172.17.0.8 (1/2)
16/12/13 21:24:10 INFO scheduler.TaskSetManager: Finished task 1.0 in stage 3.0 (TID 5) in 1674 ms on 172.17.0.8 (2/2)
16/12/13 21:24:10 INFO scheduler.DAGScheduler: ShuffleMapStage 3 (groupByKey at /tmp/data/coviews.py:28) finished in 1.820 s
16/12/13 21:24:10 INFO scheduler.DAGScheduler: looking for newly runnable stages
16/12/13 21:24:10 INFO scheduler.DAGScheduler: running: Set()
16/12/13 21:24:10 INFO scheduler.DAGScheduler: waiting: Set(ResultStage 4)
16/12/13 21:24:10 INFO scheduler.TaskSchedulerImpl: Removed TaskSet 3.0, whose tasks have all completed, from pool 
16/12/13 21:24:10 INFO scheduler.DAGScheduler: failed: Set()
16/12/13 21:24:10 INFO scheduler.DAGScheduler: Submitting ResultStage 4 (PythonRDD[11] at collect at /tmp/data/coviews.py:29), which has no missing parents
16/12/13 21:24:10 INFO memory.MemoryStore: Block broadcast_4 stored as values in memory (estimated size 7.0 KB, free 366.0 MB)
16/12/13 21:24:10 INFO memory.MemoryStore: Block broadcast_4_piece0 stored as bytes in memory (estimated size 4.5 KB, free 366.0 MB)
16/12/13 21:24:10 INFO storage.BlockManagerInfo: Added broadcast_4_piece0 in memory on 172.17.0.3:34920 (size: 4.5 KB, free: 366.3 MB)
16/12/13 21:24:10 INFO spark.SparkContext: Created broadcast 4 from broadcast at DAGScheduler.scala:1012
16/12/13 21:24:10 INFO scheduler.DAGScheduler: Submitting 2 missing tasks from ResultStage 4 (PythonRDD[11] at collect at /tmp/data/coviews.py:29)
16/12/13 21:24:10 INFO scheduler.TaskSchedulerImpl: Adding task set 4.0 with 2 tasks
16/12/13 21:24:10 INFO scheduler.TaskSetManager: Starting task 0.0 in stage 4.0 (TID 6, 172.17.0.8, partition 0, NODE_LOCAL, 5275 bytes)
16/12/13 21:24:10 INFO scheduler.TaskSetManager: Starting task 1.0 in stage 4.0 (TID 7, 172.17.0.8, partition 1, NODE_LOCAL, 5275 bytes)
16/12/13 21:24:10 INFO cluster.CoarseGrainedSchedulerBackend$DriverEndpoint: Launching task 6 on executor id: 0 hostname: 172.17.0.8.
16/12/13 21:24:10 INFO cluster.CoarseGrainedSchedulerBackend$DriverEndpoint: Launching task 7 on executor id: 0 hostname: 172.17.0.8.
16/12/13 21:24:11 INFO storage.BlockManagerInfo: Added broadcast_4_piece0 in memory on 172.17.0.8:45965 (size: 4.5 KB, free: 93.3 MB)
16/12/13 21:24:11 INFO spark.MapOutputTrackerMasterEndpoint: Asked to send map output locations for shuffle 1 to 172.17.0.8:46854
16/12/13 21:24:11 INFO spark.MapOutputTrackerMaster: Size of output statuses for shuffle 1 is 151 bytes
16/12/13 21:24:11 INFO scheduler.TaskSetManager: Finished task 1.0 in stage 4.0 (TID 7) in 874 ms on 172.17.0.8 (1/2)
16/12/13 21:24:11 INFO scheduler.TaskSetManager: Finished task 0.0 in stage 4.0 (TID 6) in 921 ms on 172.17.0.8 (2/2)
16/12/13 21:24:11 INFO scheduler.TaskSchedulerImpl: Removed TaskSet 4.0, whose tasks have all completed, from pool 
16/12/13 21:24:11 INFO scheduler.DAGScheduler: ResultStage 4 (collect at /tmp/data/coviews.py:29) finished in 0.925 s
16/12/13 21:24:11 INFO scheduler.DAGScheduler: Job 1 finished: collect at /tmp/data/coviews.py:29, took 3.517734 s
(#2)Group item_ids to user_id: (user_id, list of item ids they clicked on)
Pages: user ID tp and items clicked ['4', '5', '2', '3', '1', '6']
Pages: user ID bob and items clicked ['4', '6', '1', '3', '2', '5']
Pages: user ID joe and items clicked ['4', '1', '5', '6']
Pages: user ID hank and items clicked ['3', '4', '5', '6']
done printing users_with_list
16/12/13 21:24:11 INFO spark.SparkContext: Starting job: collect at /tmp/data/coviews.py:47
16/12/13 21:24:11 INFO spark.MapOutputTrackerMaster: Size of output statuses for shuffle 0 is 152 bytes
16/12/13 21:24:11 INFO scheduler.DAGScheduler: Got job 2 (collect at /tmp/data/coviews.py:47) with 2 output partitions
16/12/13 21:24:11 INFO scheduler.DAGScheduler: Final stage: ResultStage 7 (collect at /tmp/data/coviews.py:47)
16/12/13 21:24:11 INFO scheduler.DAGScheduler: Parents of final stage: List(ShuffleMapStage 6)
16/12/13 21:24:11 INFO scheduler.DAGScheduler: Missing parents: List()
16/12/13 21:24:11 INFO scheduler.DAGScheduler: Submitting ResultStage 7 (PythonRDD[12] at collect at /tmp/data/coviews.py:47), which has no missing parents
16/12/13 21:24:11 INFO memory.MemoryStore: Block broadcast_5 stored as values in memory (estimated size 7.7 KB, free 366.0 MB)
16/12/13 21:24:11 INFO memory.MemoryStore: Block broadcast_5_piece0 stored as bytes in memory (estimated size 5.0 KB, free 366.0 MB)
16/12/13 21:24:11 INFO storage.BlockManagerInfo: Added broadcast_5_piece0 in memory on 172.17.0.3:34920 (size: 5.0 KB, free: 366.3 MB)
16/12/13 21:24:11 INFO spark.SparkContext: Created broadcast 5 from broadcast at DAGScheduler.scala:1012
16/12/13 21:24:11 INFO scheduler.DAGScheduler: Submitting 2 missing tasks from ResultStage 7 (PythonRDD[12] at collect at /tmp/data/coviews.py:47)
16/12/13 21:24:11 INFO scheduler.TaskSchedulerImpl: Adding task set 7.0 with 2 tasks
16/12/13 21:24:11 INFO scheduler.TaskSetManager: Starting task 0.0 in stage 7.0 (TID 8, 172.17.0.8, partition 0, NODE_LOCAL, 5275 bytes)
16/12/13 21:24:11 INFO scheduler.TaskSetManager: Starting task 1.0 in stage 7.0 (TID 9, 172.17.0.8, partition 1, NODE_LOCAL, 5275 bytes)
16/12/13 21:24:11 INFO cluster.CoarseGrainedSchedulerBackend$DriverEndpoint: Launching task 8 on executor id: 0 hostname: 172.17.0.8.
16/12/13 21:24:12 INFO cluster.CoarseGrainedSchedulerBackend$DriverEndpoint: Launching task 9 on executor id: 0 hostname: 172.17.0.8.
16/12/13 21:24:12 INFO storage.BlockManagerInfo: Added broadcast_5_piece0 in memory on 172.17.0.8:45965 (size: 5.0 KB, free: 93.3 MB)
16/12/13 21:24:12 INFO scheduler.TaskSetManager: Finished task 1.0 in stage 7.0 (TID 9) in 628 ms on 172.17.0.8 (1/2)
16/12/13 21:24:12 INFO scheduler.TaskSetManager: Finished task 0.0 in stage 7.0 (TID 8) in 741 ms on 172.17.0.8 (2/2)
16/12/13 21:24:12 INFO scheduler.TaskSchedulerImpl: Removed TaskSet 7.0, whose tasks have all completed, from pool 
16/12/13 21:24:12 INFO scheduler.DAGScheduler: ResultStage 7 (collect at /tmp/data/coviews.py:47) finished in 0.772 s
16/12/13 21:24:12 INFO scheduler.DAGScheduler: Job 2 finished: collect at /tmp/data/coviews.py:47, took 1.153520 s
(#3) Transform into (user_id, (item1, item2) where item1 and item2 are pairs of items the user clicked on
Pages: user ID tp and pair ('1', '2')
Pages: user ID tp and pair ('1', '3')
Pages: user ID tp and pair ('1', '4')
Pages: user ID tp and pair ('1', '5')
Pages: user ID tp and pair ('1', '6')
Pages: user ID tp and pair ('2', '3')
Pages: user ID tp and pair ('2', '4')
Pages: user ID tp and pair ('2', '5')
Pages: user ID tp and pair ('2', '6')
Pages: user ID tp and pair ('3', '4')
Pages: user ID tp and pair ('3', '5')
Pages: user ID tp and pair ('3', '6')
Pages: user ID tp and pair ('4', '5')
Pages: user ID tp and pair ('4', '6')
Pages: user ID tp and pair ('5', '6')
Pages: user ID bob and pair ('1', '2')
Pages: user ID bob and pair ('1', '3')
Pages: user ID bob and pair ('1', '4')
Pages: user ID bob and pair ('1', '5')
Pages: user ID bob and pair ('1', '6')
Pages: user ID bob and pair ('2', '3')
Pages: user ID bob and pair ('2', '4')
Pages: user ID bob and pair ('2', '5')
Pages: user ID bob and pair ('2', '6')
Pages: user ID bob and pair ('3', '4')
Pages: user ID bob and pair ('3', '5')
Pages: user ID bob and pair ('3', '6')
Pages: user ID bob and pair ('4', '5')
Pages: user ID bob and pair ('4', '6')
Pages: user ID bob and pair ('5', '6')
Pages: user ID joe and pair ('1', '4')
Pages: user ID joe and pair ('1', '5')
Pages: user ID joe and pair ('1', '6')
Pages: user ID joe and pair ('4', '5')
Pages: user ID joe and pair ('4', '6')
Pages: user ID joe and pair ('5', '6')
Pages: user ID hank and pair ('3', '4')
Pages: user ID hank and pair ('3', '5')
Pages: user ID hank and pair ('3', '6')
Pages: user ID hank and pair ('4', '5')
Pages: user ID hank and pair ('4', '6')
Pages: user ID hank and pair ('5', '6')
done printing users_with_pairs
16/12/13 21:24:13 INFO spark.SparkContext: Starting job: collect at /tmp/data/coviews.py:58
16/12/13 21:24:13 INFO scheduler.DAGScheduler: Registering RDD 14 (groupByKey at /tmp/data/coviews.py:57)
16/12/13 21:24:13 INFO scheduler.DAGScheduler: Got job 3 (collect at /tmp/data/coviews.py:58) with 2 output partitions
16/12/13 21:24:13 INFO scheduler.DAGScheduler: Final stage: ResultStage 11 (collect at /tmp/data/coviews.py:58)
16/12/13 21:24:13 INFO scheduler.DAGScheduler: Parents of final stage: List(ShuffleMapStage 10)
16/12/13 21:24:13 INFO scheduler.DAGScheduler: Missing parents: List(ShuffleMapStage 10)
16/12/13 21:24:13 INFO scheduler.DAGScheduler: Submitting ShuffleMapStage 10 (PairwiseRDD[14] at groupByKey at /tmp/data/coviews.py:57), which has no missing parents
16/12/13 21:24:13 INFO memory.MemoryStore: Block broadcast_6 stored as values in memory (estimated size 9.9 KB, free 366.0 MB)
16/12/13 21:24:13 INFO memory.MemoryStore: Block broadcast_6_piece0 stored as bytes in memory (estimated size 6.5 KB, free 366.0 MB)
16/12/13 21:24:13 INFO storage.BlockManagerInfo: Added broadcast_6_piece0 in memory on 172.17.0.3:34920 (size: 6.5 KB, free: 366.2 MB)
16/12/13 21:24:13 INFO spark.SparkContext: Created broadcast 6 from broadcast at DAGScheduler.scala:1012
16/12/13 21:24:13 INFO scheduler.DAGScheduler: Submitting 2 missing tasks from ShuffleMapStage 10 (PairwiseRDD[14] at groupByKey at /tmp/data/coviews.py:57)
16/12/13 21:24:13 INFO scheduler.TaskSchedulerImpl: Adding task set 10.0 with 2 tasks
16/12/13 21:24:13 INFO scheduler.TaskSetManager: Starting task 0.0 in stage 10.0 (TID 10, 172.17.0.8, partition 0, NODE_LOCAL, 5264 bytes)
16/12/13 21:24:13 INFO scheduler.TaskSetManager: Starting task 1.0 in stage 10.0 (TID 11, 172.17.0.8, partition 1, NODE_LOCAL, 5264 bytes)
16/12/13 21:24:13 INFO cluster.CoarseGrainedSchedulerBackend$DriverEndpoint: Launching task 10 on executor id: 0 hostname: 172.17.0.8.
16/12/13 21:24:13 INFO cluster.CoarseGrainedSchedulerBackend$DriverEndpoint: Launching task 11 on executor id: 0 hostname: 172.17.0.8.
16/12/13 21:24:14 INFO storage.BlockManagerInfo: Added broadcast_6_piece0 in memory on 172.17.0.8:45965 (size: 6.5 KB, free: 93.2 MB)
16/12/13 21:24:14 INFO scheduler.TaskSetManager: Finished task 0.0 in stage 10.0 (TID 10) in 812 ms on 172.17.0.8 (1/2)
16/12/13 21:24:14 INFO scheduler.TaskSetManager: Finished task 1.0 in stage 10.0 (TID 11) in 1050 ms on 172.17.0.8 (2/2)
16/12/13 21:24:14 INFO scheduler.DAGScheduler: ShuffleMapStage 10 (groupByKey at /tmp/data/coviews.py:57) finished in 1.121 s
16/12/13 21:24:14 INFO scheduler.DAGScheduler: looking for newly runnable stages
16/12/13 21:24:14 INFO scheduler.DAGScheduler: running: Set()
16/12/13 21:24:14 INFO scheduler.DAGScheduler: waiting: Set(ResultStage 11)
16/12/13 21:24:14 INFO scheduler.DAGScheduler: failed: Set()
16/12/13 21:24:14 INFO scheduler.TaskSchedulerImpl: Removed TaskSet 10.0, whose tasks have all completed, from pool 
16/12/13 21:24:14 INFO scheduler.DAGScheduler: Submitting ResultStage 11 (PythonRDD[17] at collect at /tmp/data/coviews.py:58), which has no missing parents
16/12/13 21:24:15 INFO memory.MemoryStore: Block broadcast_7 stored as values in memory (estimated size 7.0 KB, free 366.0 MB)
16/12/13 21:24:15 INFO memory.MemoryStore: Block broadcast_7_piece0 stored as bytes in memory (estimated size 4.5 KB, free 366.0 MB)
16/12/13 21:24:15 INFO storage.BlockManagerInfo: Added broadcast_7_piece0 in memory on 172.17.0.3:34920 (size: 4.5 KB, free: 366.2 MB)
16/12/13 21:24:15 INFO spark.SparkContext: Created broadcast 7 from broadcast at DAGScheduler.scala:1012
16/12/13 21:24:15 INFO scheduler.DAGScheduler: Submitting 2 missing tasks from ResultStage 11 (PythonRDD[17] at collect at /tmp/data/coviews.py:58)
16/12/13 21:24:15 INFO scheduler.TaskSchedulerImpl: Adding task set 11.0 with 2 tasks
16/12/13 21:24:15 INFO scheduler.TaskSetManager: Starting task 0.0 in stage 11.0 (TID 12, 172.17.0.8, partition 0, NODE_LOCAL, 5275 bytes)
16/12/13 21:24:15 INFO scheduler.TaskSetManager: Starting task 1.0 in stage 11.0 (TID 13, 172.17.0.8, partition 1, NODE_LOCAL, 5275 bytes)
16/12/13 21:24:15 INFO cluster.CoarseGrainedSchedulerBackend$DriverEndpoint: Launching task 12 on executor id: 0 hostname: 172.17.0.8.
16/12/13 21:24:15 INFO cluster.CoarseGrainedSchedulerBackend$DriverEndpoint: Launching task 13 on executor id: 0 hostname: 172.17.0.8.
16/12/13 21:24:15 INFO storage.BlockManagerInfo: Added broadcast_7_piece0 in memory on 172.17.0.8:45965 (size: 4.5 KB, free: 93.2 MB)
16/12/13 21:24:15 INFO spark.MapOutputTrackerMasterEndpoint: Asked to send map output locations for shuffle 2 to 172.17.0.8:46854
16/12/13 21:24:15 INFO spark.MapOutputTrackerMaster: Size of output statuses for shuffle 2 is 152 bytes
16/12/13 21:24:16 INFO scheduler.TaskSetManager: Finished task 0.0 in stage 11.0 (TID 12) in 1170 ms on 172.17.0.8 (1/2)
16/12/13 21:24:16 INFO scheduler.DAGScheduler: ResultStage 11 (collect at /tmp/data/coviews.py:58) finished in 1.334 s
16/12/13 21:24:16 INFO scheduler.TaskSetManager: Finished task 1.0 in stage 11.0 (TID 13) in 1266 ms on 172.17.0.8 (2/2)
16/12/13 21:24:16 INFO scheduler.TaskSchedulerImpl: Removed TaskSet 11.0, whose tasks have all completed, from pool 
16/12/13 21:24:16 INFO scheduler.DAGScheduler: Job 3 finished: collect at /tmp/data/coviews.py:58, took 3.173885 s
(#4) Transform into ((item1, item2), list of user1, user2 etc) where users are all the ones who co-clicked (item1, item2)
Pages: pairs of items clicked ID ('1', '4') and users list ['tp', 'bob', 'joe']
Pages: pairs of items clicked ID ('2', '5') and users list ['tp', 'bob']
Pages: pairs of items clicked ID ('2', '3') and users list ['tp', 'bob']
Pages: pairs of items clicked ID ('5', '6') and users list ['tp', 'bob', 'joe', 'hank']
Pages: pairs of items clicked ID ('2', '6') and users list ['tp', 'bob']
Pages: pairs of items clicked ID ('3', '6') and users list ['tp', 'bob', 'hank']
Pages: pairs of items clicked ID ('3', '5') and users list ['tp', 'bob', 'hank']
Pages: pairs of items clicked ID ('1', '2') and users list ['tp', 'bob']
Pages: pairs of items clicked ID ('1', '6') and users list ['tp', 'bob', 'joe']
Pages: pairs of items clicked ID ('1', '5') and users list ['tp', 'bob', 'joe']
Pages: pairs of items clicked ID ('3', '4') and users list ['tp', 'bob', 'hank']
Pages: pairs of items clicked ID ('2', '4') and users list ['tp', 'bob']
Pages: pairs of items clicked ID ('1', '3') and users list ['tp', 'bob']
Pages: pairs of items clicked ID ('4', '6') and users list ['tp', 'bob', 'joe', 'hank']
Pages: pairs of items clicked ID ('4', '5') and users list ['tp', 'bob', 'joe', 'hank']
done printing pairs_with_users
16/12/13 21:24:16 INFO spark.SparkContext: Starting job: collect at /tmp/data/coviews.py:66
16/12/13 21:24:16 INFO spark.MapOutputTrackerMaster: Size of output statuses for shuffle 0 is 152 bytes
16/12/13 21:24:16 INFO spark.MapOutputTrackerMaster: Size of output statuses for shuffle 1 is 151 bytes
16/12/13 21:24:16 INFO scheduler.DAGScheduler: Got job 4 (collect at /tmp/data/coviews.py:66) with 2 output partitions
16/12/13 21:24:16 INFO scheduler.DAGScheduler: Final stage: ResultStage 15 (collect at /tmp/data/coviews.py:66)
16/12/13 21:24:16 INFO scheduler.DAGScheduler: Parents of final stage: List(ShuffleMapStage 14)
16/12/13 21:24:16 INFO scheduler.DAGScheduler: Missing parents: List()
16/12/13 21:24:16 INFO scheduler.DAGScheduler: Submitting ResultStage 15 (PythonRDD[18] at collect at /tmp/data/coviews.py:66), which has no missing parents
16/12/13 21:24:17 INFO memory.MemoryStore: Block broadcast_8 stored as values in memory (estimated size 7.2 KB, free 365.9 MB)
16/12/13 21:24:17 INFO memory.MemoryStore: Block broadcast_8_piece0 stored as bytes in memory (estimated size 4.6 KB, free 365.9 MB)
16/12/13 21:24:17 INFO storage.BlockManagerInfo: Added broadcast_8_piece0 in memory on 172.17.0.3:34920 (size: 4.6 KB, free: 366.2 MB)
16/12/13 21:24:17 INFO spark.SparkContext: Created broadcast 8 from broadcast at DAGScheduler.scala:1012
16/12/13 21:24:17 INFO scheduler.DAGScheduler: Submitting 2 missing tasks from ResultStage 15 (PythonRDD[18] at collect at /tmp/data/coviews.py:66)
16/12/13 21:24:17 INFO scheduler.TaskSchedulerImpl: Adding task set 15.0 with 2 tasks
16/12/13 21:24:17 INFO scheduler.TaskSetManager: Starting task 0.0 in stage 15.0 (TID 14, 172.17.0.8, partition 0, NODE_LOCAL, 5275 bytes)
16/12/13 21:24:17 INFO scheduler.TaskSetManager: Starting task 1.0 in stage 15.0 (TID 15, 172.17.0.8, partition 1, NODE_LOCAL, 5275 bytes)
16/12/13 21:24:17 INFO cluster.CoarseGrainedSchedulerBackend$DriverEndpoint: Launching task 14 on executor id: 0 hostname: 172.17.0.8.
16/12/13 21:24:17 INFO cluster.CoarseGrainedSchedulerBackend$DriverEndpoint: Launching task 15 on executor id: 0 hostname: 172.17.0.8.
16/12/13 21:24:17 INFO storage.BlockManagerInfo: Added broadcast_8_piece0 in memory on 172.17.0.8:45965 (size: 4.6 KB, free: 93.2 MB)
16/12/13 21:24:17 INFO scheduler.TaskSetManager: Finished task 0.0 in stage 15.0 (TID 14) in 761 ms on 172.17.0.8 (1/2)
16/12/13 21:24:18 INFO scheduler.DAGScheduler: ResultStage 15 (collect at /tmp/data/coviews.py:66) finished in 0.896 s
16/12/13 21:24:18 INFO scheduler.TaskSetManager: Finished task 1.0 in stage 15.0 (TID 15) in 727 ms on 172.17.0.8 (2/2)
16/12/13 21:24:18 INFO scheduler.DAGScheduler: Job 4 finished: collect at /tmp/data/coviews.py:66, took 1.237672 s
16/12/13 21:24:18 INFO scheduler.TaskSchedulerImpl: Removed TaskSet 15.0, whose tasks have all completed, from pool 
(#5) Transform into ((item1, item2), count of distinct users who co-clicked (item1, item2)
Pages: pair ('1', '4') and count 3
Pages: pair ('2', '5') and count 2
Pages: pair ('2', '3') and count 2
Pages: pair ('5', '6') and count 4
Pages: pair ('2', '6') and count 2
Pages: pair ('3', '6') and count 3
Pages: pair ('3', '5') and count 3
Pages: pair ('1', '2') and count 2
Pages: pair ('1', '6') and count 3
Pages: pair ('1', '5') and count 3
Pages: pair ('3', '4') and count 3
Pages: pair ('2', '4') and count 2
Pages: pair ('1', '3') and count 2
Pages: pair ('4', '6') and count 4
Pages: pair ('4', '5') and count 4
done printing pairs_with_users_count
16/12/13 21:24:18 INFO spark.SparkContext: Starting job: collect at /tmp/data/coviews.py:74
16/12/13 21:24:18 INFO scheduler.DAGScheduler: Got job 5 (collect at /tmp/data/coviews.py:74) with 2 output partitions
16/12/13 21:24:18 INFO scheduler.DAGScheduler: Final stage: ResultStage 19 (collect at /tmp/data/coviews.py:74)
16/12/13 21:24:18 INFO scheduler.DAGScheduler: Parents of final stage: List(ShuffleMapStage 18)
16/12/13 21:24:18 INFO scheduler.DAGScheduler: Missing parents: List()
16/12/13 21:24:18 INFO scheduler.DAGScheduler: Submitting ResultStage 19 (PythonRDD[19] at collect at /tmp/data/coviews.py:74), which has no missing parents
16/12/13 21:24:18 INFO memory.MemoryStore: Block broadcast_9 stored as values in memory (estimated size 7.5 KB, free 365.9 MB)
16/12/13 21:24:18 INFO memory.MemoryStore: Block broadcast_9_piece0 stored as bytes in memory (estimated size 4.8 KB, free 365.9 MB)
16/12/13 21:24:19 INFO storage.BlockManagerInfo: Added broadcast_9_piece0 in memory on 172.17.0.3:34920 (size: 4.8 KB, free: 366.2 MB)
16/12/13 21:24:19 INFO spark.SparkContext: Created broadcast 9 from broadcast at DAGScheduler.scala:1012
16/12/13 21:24:19 INFO scheduler.DAGScheduler: Submitting 2 missing tasks from ResultStage 19 (PythonRDD[19] at collect at /tmp/data/coviews.py:74)
16/12/13 21:24:19 INFO scheduler.TaskSchedulerImpl: Adding task set 19.0 with 2 tasks
16/12/13 21:24:19 INFO scheduler.TaskSetManager: Starting task 0.0 in stage 19.0 (TID 16, 172.17.0.8, partition 0, NODE_LOCAL, 5275 bytes)
16/12/13 21:24:19 INFO scheduler.TaskSetManager: Starting task 1.0 in stage 19.0 (TID 17, 172.17.0.8, partition 1, NODE_LOCAL, 5275 bytes)
16/12/13 21:24:19 INFO cluster.CoarseGrainedSchedulerBackend$DriverEndpoint: Launching task 16 on executor id: 0 hostname: 172.17.0.8.
16/12/13 21:24:19 INFO cluster.CoarseGrainedSchedulerBackend$DriverEndpoint: Launching task 17 on executor id: 0 hostname: 172.17.0.8.
16/12/13 21:24:19 INFO storage.BlockManagerInfo: Added broadcast_9_piece0 in memory on 172.17.0.8:45965 (size: 4.8 KB, free: 93.2 MB)
16/12/13 21:24:20 INFO scheduler.TaskSetManager: Finished task 0.0 in stage 19.0 (TID 16) in 906 ms on 172.17.0.8 (1/2)
16/12/13 21:24:20 INFO scheduler.TaskSetManager: Finished task 1.0 in stage 19.0 (TID 17) in 889 ms on 172.17.0.8 (2/2)
16/12/13 21:24:20 INFO scheduler.DAGScheduler: ResultStage 19 (collect at /tmp/data/coviews.py:74) finished in 1.041 s
16/12/13 21:24:20 INFO scheduler.TaskSchedulerImpl: Removed TaskSet 19.0, whose tasks have all completed, from pool 
16/12/13 21:24:20 INFO scheduler.DAGScheduler: Job 5 finished: collect at /tmp/data/coviews.py:74, took 1.843682 s
(#6) Filter out any results where less than 3 users co-clicked the same pair of items
Co-clicks: 1 and 4 with count: 3
Co-clicks: 5 and 6 with count: 4
Co-clicks: 3 and 6 with count: 3
Co-clicks: 3 and 5 with count: 3
Co-clicks: 1 and 6 with count: 3
Co-clicks: 1 and 5 with count: 3
Co-clicks: 3 and 4 with count: 3
Co-clicks: 4 and 6 with count: 4
Co-clicks: 4 and 5 with count: 4
Co-clicks done
16/12/13 21:24:20 INFO server.ServerConnector: Stopped ServerConnector@4c579e2b{HTTP/1.1}{0.0.0.0:4040}
16/12/13 21:24:20 INFO handler.ContextHandler: Stopped o.s.j.s.ServletContextHandler@9d14474{/stages/stage/kill,null,UNAVAILABLE}
16/12/13 21:24:20 INFO handler.ContextHandler: Stopped o.s.j.s.ServletContextHandler@32546d6{/api,null,UNAVAILABLE}
16/12/13 21:24:20 INFO handler.ContextHandler: Stopped o.s.j.s.ServletContextHandler@6ec97ec0{/,null,UNAVAILABLE}
16/12/13 21:24:20 INFO handler.ContextHandler: Stopped o.s.j.s.ServletContextHandler@61c1e7fb{/static,null,UNAVAILABLE}
16/12/13 21:24:20 INFO handler.ContextHandler: Stopped o.s.j.s.ServletContextHandler@539b3caa{/executors/threadDump/json,null,UNAVAILABLE}
16/12/13 21:24:20 INFO handler.ContextHandler: Stopped o.s.j.s.ServletContextHandler@7a62fc6b{/executors/threadDump,null,UNAVAILABLE}
16/12/13 21:24:20 INFO handler.ContextHandler: Stopped o.s.j.s.ServletContextHandler@33579a11{/executors/json,null,UNAVAILABLE}
16/12/13 21:24:20 INFO handler.ContextHandler: Stopped o.s.j.s.ServletContextHandler@1164619b{/executors,null,UNAVAILABLE}
16/12/13 21:24:20 INFO handler.ContextHandler: Stopped o.s.j.s.ServletContextHandler@4dac8f92{/environment/json,null,UNAVAILABLE}
16/12/13 21:24:20 INFO handler.ContextHandler: Stopped o.s.j.s.ServletContextHandler@2a9c7c0c{/environment,null,UNAVAILABLE}
16/12/13 21:24:20 INFO handler.ContextHandler: Stopped o.s.j.s.ServletContextHandler@3ed3984e{/storage/rdd/json,null,UNAVAILABLE}
16/12/13 21:24:20 INFO handler.ContextHandler: Stopped o.s.j.s.ServletContextHandler@cca0bcf{/storage/rdd,null,UNAVAILABLE}
16/12/13 21:24:20 INFO handler.ContextHandler: Stopped o.s.j.s.ServletContextHandler@2158d1fc{/storage/json,null,UNAVAILABLE}
16/12/13 21:24:20 INFO handler.ContextHandler: Stopped o.s.j.s.ServletContextHandler@451a2830{/storage,null,UNAVAILABLE}
16/12/13 21:24:20 INFO handler.ContextHandler: Stopped o.s.j.s.ServletContextHandler@23223121{/stages/pool/json,null,UNAVAILABLE}
16/12/13 21:24:20 INFO handler.ContextHandler: Stopped o.s.j.s.ServletContextHandler@8f4a979{/stages/pool,null,UNAVAILABLE}
16/12/13 21:24:20 INFO handler.ContextHandler: Stopped o.s.j.s.ServletContextHandler@1c9f0728{/stages/stage/json,null,UNAVAILABLE}
16/12/13 21:24:20 INFO handler.ContextHandler: Stopped o.s.j.s.ServletContextHandler@5d476326{/stages/stage,null,UNAVAILABLE}
16/12/13 21:24:20 INFO handler.ContextHandler: Stopped o.s.j.s.ServletContextHandler@4cdce432{/stages/json,null,UNAVAILABLE}
16/12/13 21:24:20 INFO handler.ContextHandler: Stopped o.s.j.s.ServletContextHandler@4a6bd290{/stages,null,UNAVAILABLE}
16/12/13 21:24:20 INFO handler.ContextHandler: Stopped o.s.j.s.ServletContextHandler@1a2b7650{/jobs/job/json,null,UNAVAILABLE}
16/12/13 21:24:20 INFO handler.ContextHandler: Stopped o.s.j.s.ServletContextHandler@436a4c1b{/jobs/job,null,UNAVAILABLE}
16/12/13 21:24:20 INFO handler.ContextHandler: Stopped o.s.j.s.ServletContextHandler@16021671{/jobs/json,null,UNAVAILABLE}
16/12/13 21:24:20 INFO handler.ContextHandler: Stopped o.s.j.s.ServletContextHandler@3dada7b2{/jobs,null,UNAVAILABLE}
16/12/13 21:24:20 INFO ui.SparkUI: Stopped Spark web UI at http://172.17.0.3:4040
16/12/13 21:24:20 INFO cluster.StandaloneSchedulerBackend: Shutting down all executors
16/12/13 21:24:20 INFO cluster.CoarseGrainedSchedulerBackend$DriverEndpoint: Asking each executor to shut down
16/12/13 21:24:21 INFO spark.MapOutputTrackerMasterEndpoint: MapOutputTrackerMasterEndpoint stopped!
16/12/13 21:24:21 INFO memory.MemoryStore: MemoryStore cleared
16/12/13 21:24:21 INFO storage.BlockManager: BlockManager stopped
16/12/13 21:24:21 INFO storage.BlockManagerMaster: BlockManagerMaster stopped
16/12/13 21:24:21 INFO scheduler.OutputCommitCoordinator$OutputCommitCoordinatorEndpoint: OutputCommitCoordinator stopped!
16/12/13 21:24:21 INFO spark.SparkContext: Successfully stopped SparkContext
16/12/13 21:24:22 INFO util.ShutdownHookManager: Shutdown hook called
16/12/13 21:24:22 INFO util.ShutdownHookManager: Deleting directory /tmp/spark-a22f6b48-c065-4803-87c0-f349ec8dc4a3
16/12/13 21:24:22 INFO util.ShutdownHookManager: Deleting directory /tmp/spark-a22f6b48-c065-4803-87c0-f349ec8dc4a3/pyspark-633a83b0-e07b-431a-9de9-83269125621c
vgupta@Ubuntu-VG:~$ 
